<?xml version="1.0" encoding="UTF-8"?>
<!-- Generated by org.testng.reporters.JUnitReportReporter -->
<testsuite hostname="DESKTOP-H3GIJ8P" failures="0" tests="1" name="com.hrms.testcases.AddEmployeeTest" time="25.192" errors="0" timestamp="2020-05-30T14:39:22 EDT" skipped="0">
  <testcase classname="com.hrms.testcases.AddEmployeeTest" name="addEmployee" time="25.192"/>
  <system-out/>
</testsuite> <!-- com.hrms.testcases.AddEmployeeTest -->
