<?xml version="1.0" encoding="UTF-8"?>
<!-- Generated by org.testng.reporters.JUnitReportReporter -->
<testsuite hostname="DESKTOP-H3GIJ8P" failures="0" tests="3" name="com.hrms.testcases.DefineDifferentReports" time="54.659" errors="0" timestamp="2020-06-02T02:14:35 EDT" skipped="0">
  <testcase classname="com.hrms.testcases.DefineDifferentReports" name="addDifferentReports" time="17.126"/>
  <system-out/>
  <testcase classname="com.hrms.testcases.DefineDifferentReports" name="addDifferentReports" time="19.406"/>
  <system-out/>
  <testcase classname="com.hrms.testcases.DefineDifferentReports" name="addDifferentReports" time="18.127"/>
  <system-out/>
</testsuite> <!-- com.hrms.testcases.DefineDifferentReports -->
