<?xml version="1.0" encoding="UTF-8"?>
<!-- Generated by org.testng.reporters.JUnitReportReporter -->
<testsuite hostname="DESKTOP-H3GIJ8P" failures="0" tests="2" name="com.hrms.testcases.LoginTest" time="22.853" errors="0" timestamp="2020-05-30T14:39:22 EDT" skipped="0">
  <testcase classname="com.hrms.testcases.LoginTest" name="invalidPasswordAdminLogin" time="9.486"/>
  <system-out/>
  <testcase classname="com.hrms.testcases.LoginTest" name="emptyUsername" time="13.367"/>
  <system-out/>
</testsuite> <!-- com.hrms.testcases.LoginTest -->
