<?xml version="1.0" encoding="UTF-8"?>
<!-- Generated by org.testng.reporters.JUnitReportReporter -->
<testsuite hostname="DESKTOP-H3GIJ8P" failures="0" tests="1" name="com.hrms.testcases.AddEmployeeTest" time="19.778" errors="0" timestamp="2020-06-01T01:00:07 EDT" skipped="0">
  <testcase classname="com.hrms.testcases.AddEmployeeTest" name="addEmployee" time="19.778"/>
  <system-out/>
</testsuite> <!-- com.hrms.testcases.AddEmployeeTest -->
