<?xml version="1.0" encoding="UTF-8"?>
<!-- Generated by org.testng.reporters.JUnitReportReporter -->
<testsuite hostname="DESKTOP-H3GIJ8P" failures="0" tests="2" name="com.hrms.testcases.LoginTest" time="17.400" errors="0" timestamp="2020-06-01T01:00:07 EDT" skipped="0">
  <testcase classname="com.hrms.testcases.LoginTest" name="emptyUsername" time="7.287"/>
  <system-out/>
  <testcase classname="com.hrms.testcases.LoginTest" name="invalidPasswordAdminLogin" time="10.113"/>
  <system-out/>
</testsuite> <!-- com.hrms.testcases.LoginTest -->
