<?xml version="1.0" encoding="UTF-8"?>
<!-- Generated by org.testng.reporters.JUnitReportReporter -->
<testsuite hostname="DESKTOP-H3GIJ8P" failures="0" tests="1" name="com.hrms.testbase.SystemHello" time="0.012" errors="0" timestamp="2020-05-31T09:25:16 EDT" skipped="0">
  <testcase classname="com.hrms.testbase.SystemHello" name="hello" time="0.012"/>
  <system-out/>
</testsuite> <!-- com.hrms.testbase.SystemHello -->
