<?xml version="1.0" encoding="UTF-8"?>
<!-- Generated by org.testng.reporters.JUnitReportReporter -->
<testsuite hostname="DESKTOP-H3GIJ8P" failures="0" tests="5" name="com.hrms.testcases.AddMultipleEmployee" time="82.391" errors="0" timestamp="2020-06-02T21:05:23 EDT" skipped="0">
  <testcase classname="com.hrms.testcases.AddMultipleEmployee" name="addMultipleEmployee" time="19.549"/>
  <system-out/>
  <testcase classname="com.hrms.testcases.AddMultipleEmployee" name="addMultipleEmployee" time="15.931"/>
  <system-out/>
  <testcase classname="com.hrms.testcases.AddMultipleEmployee" name="addMultipleEmployee" time="14.720"/>
  <system-out/>
  <testcase classname="com.hrms.testcases.AddMultipleEmployee" name="addMultipleEmployee" time="16.416"/>
  <system-out/>
  <testcase classname="com.hrms.testcases.AddMultipleEmployee" name="addMultipleEmployee" time="15.775"/>
  <system-out/>
</testsuite> <!-- com.hrms.testcases.AddMultipleEmployee -->
